<?xml version="1.0" encoding="UTF-8"?>
<testng-results ignored="0" total="1" passed="1" failed="0" skipped="0">
  <reporter-output>
  </reporter-output>
  <suite started-at="2020-05-06T22:41:00 IST" name="Facebook-TestSuite" finished-at="2020-05-06T22:41:27 IST" duration-ms="26253">
    <groups>
    </groups>
    <test started-at="2020-05-06T22:41:00 IST" name="Tests" finished-at="2020-05-06T22:41:27 IST" duration-ms="26253">
      <class name="com.automation.tests.LoginTests">
        <test-method is-config="true" signature="browserConfiguration(java.lang.String)[pri:0, instance:com.automation.tests.LoginTests@d706f19]" started-at="2020-05-06T22:41:00 IST" name="browserConfiguration" finished-at="2020-05-06T22:41:13 IST" duration-ms="13156" status="PASS">
          <params>
            <param index="0">
              <value>
                <![CDATA[chrome]]>
              </value>
            </param>
          </params>
          <reporter-output>
          </reporter-output>
        </test-method> <!-- browserConfiguration -->
        <test-method signature="Login_Create_And_Post_A_Message()[pri:0, instance:com.automation.tests.LoginTests@d706f19]" started-at="2020-05-06T22:41:13 IST" name="Login_Create_And_Post_A_Message" description="Login into the facebook application, post a message and verify it." finished-at="2020-05-06T22:41:27 IST" duration-ms="13058" status="PASS">
          <reporter-output>
          </reporter-output>
        </test-method> <!-- Login_Create_And_Post_A_Message -->
      </class> <!-- com.automation.tests.LoginTests -->
    </test> <!-- Tests -->
  </suite> <!-- Facebook-TestSuite -->
</testng-results>
